EDA Netlist Writer report for MCU
Tue Oct 23 19:59:03 2018
Quartus II 64-Bit Version 13.1.0 Build 162 10/23/2013 SJ Full Version


---------------------
; Table of Contents ;
---------------------
  1. Legal Notice
  2. EDA Netlist Writer Summary
  3. Simulation Settings
  4. Simulation Generated Files
  5. EDA Netlist Writer Messages



----------------
; Legal Notice ;
----------------
Copyright (C) 1991-2013 Altera Corporation
Your use of Altera Corporation's design tools, logic functions 
and other software and tools, and its AMPP partner logic 
functions, and any output files from any of the foregoing 
(including device programming or simulation files), and any 
associated documentation or information are expressly subject 
to the terms and conditions of the Altera Program License 
Subscription Agreement, Altera MegaCore Function License 
Agreement, or other applicable license agreement, including, 
without limitation, that your use is for the sole purpose of 
programming logic devices manufactured by Altera and sold by 
Altera or its authorized distributors.  Please refer to the 
applicable agreement for further details.



+-------------------------------------------------------------------+
; EDA Netlist Writer Summary                                        ;
+---------------------------+---------------------------------------+
; EDA Netlist Writer Status ; Successful - Tue Oct 23 19:59:03 2018 ;
; Revision Name             ; MCU                                   ;
; Top-level Entity Name     ; MCU                                   ;
; Family                    ; Cyclone IV GX                         ;
; Simulation Files Creation ; Successful                            ;
+---------------------------+---------------------------------------+


+-------------------------------------------------------------------------------------------------------------------------------+
; Simulation Settings                                                                                                           ;
+---------------------------------------------------------------------------------------------------+---------------------------+
; Option                                                                                            ; Setting                   ;
+---------------------------------------------------------------------------------------------------+---------------------------+
; Tool Name                                                                                         ; ModelSim-Altera (Verilog) ;
; Generate netlist for functional simulation only                                                   ; Off                       ;
; Time scale                                                                                        ; 1 ps                      ;
; Truncate long hierarchy paths                                                                     ; Off                       ;
; Map illegal HDL characters                                                                        ; Off                       ;
; Flatten buses into individual nodes                                                               ; Off                       ;
; Maintain hierarchy                                                                                ; Off                       ;
; Bring out device-wide set/reset signals as ports                                                  ; Off                       ;
; Enable glitch filtering                                                                           ; Off                       ;
; Do not write top level VHDL entity                                                                ; Off                       ;
; Disable detection of setup and hold time violations in the input registers of bi-directional pins ; Off                       ;
; Architecture name in VHDL output netlist                                                          ; structure                 ;
; Generate third-party EDA tool command script for RTL functional simulation                        ; Off                       ;
; Generate third-party EDA tool command script for gate-level simulation                            ; Off                       ;
+---------------------------------------------------------------------------------------------------+---------------------------+


+-----------------------------------------------------------------------+
; Simulation Generated Files                                            ;
+-----------------------------------------------------------------------+
; Generated Files                                                       ;
+-----------------------------------------------------------------------+
; I:/project-quartus/MCU1/simulation/qsim//MCU_6_1200mv_85c_slow.vo     ;
; I:/project-quartus/MCU1/simulation/qsim//MCU_6_1200mv_0c_slow.vo      ;
; I:/project-quartus/MCU1/simulation/qsim//MCU_min_1200mv_0c_fast.vo    ;
; I:/project-quartus/MCU1/simulation/qsim//MCU.vo                       ;
; I:/project-quartus/MCU1/simulation/qsim//MCU_6_1200mv_85c_v_slow.sdo  ;
; I:/project-quartus/MCU1/simulation/qsim//MCU_6_1200mv_0c_v_slow.sdo   ;
; I:/project-quartus/MCU1/simulation/qsim//MCU_min_1200mv_0c_v_fast.sdo ;
; I:/project-quartus/MCU1/simulation/qsim//MCU_v.sdo                    ;
+-----------------------------------------------------------------------+


+-----------------------------+
; EDA Netlist Writer Messages ;
+-----------------------------+
Info: *******************************************************************
Info: Running Quartus II 64-Bit EDA Netlist Writer
    Info: Version 13.1.0 Build 162 10/23/2013 SJ Full Version
    Info: Copyright (C) 1991-2013 Altera Corporation. All rights reserved.
    Info: Your use of Altera Corporation's design tools, logic functions 
    Info: and other software and tools, and its AMPP partner logic 
    Info: functions, and any output files from any of the foregoing 
    Info: (including device programming or simulation files), and any 
    Info: associated documentation or information are expressly subject 
    Info: to the terms and conditions of the Altera Program License 
    Info: Subscription Agreement, Altera MegaCore Function License 
    Info: Agreement, or other applicable license agreement, including, 
    Info: without limitation, that your use is for the sole purpose of 
    Info: programming logic devices manufactured by Altera and sold by 
    Info: Altera or its authorized distributors.  Please refer to the 
    Info: applicable agreement for further details.
    Info: Processing started: Tue Oct 23 19:59:01 2018
Info: Command: quartus_eda --functional=off --flatten_buses=off --timescale=1ps --simulation=on --tool=modelsim_oem --format=verilog --output_directory=I:/project-quartus/MCU1/simulation/qsim/ MCU -c MCU
Info (204019): Generated file MCU_6_1200mv_85c_slow.vo in folder "I:/project-quartus/MCU1/simulation/qsim//" for EDA simulation tool
Info (204019): Generated file MCU_6_1200mv_0c_slow.vo in folder "I:/project-quartus/MCU1/simulation/qsim//" for EDA simulation tool
Info (204019): Generated file MCU_min_1200mv_0c_fast.vo in folder "I:/project-quartus/MCU1/simulation/qsim//" for EDA simulation tool
Info (204019): Generated file MCU.vo in folder "I:/project-quartus/MCU1/simulation/qsim//" for EDA simulation tool
Info (204019): Generated file MCU_6_1200mv_85c_v_slow.sdo in folder "I:/project-quartus/MCU1/simulation/qsim//" for EDA simulation tool
Info (204019): Generated file MCU_6_1200mv_0c_v_slow.sdo in folder "I:/project-quartus/MCU1/simulation/qsim//" for EDA simulation tool
Info (204019): Generated file MCU_min_1200mv_0c_v_fast.sdo in folder "I:/project-quartus/MCU1/simulation/qsim//" for EDA simulation tool
Info (204019): Generated file MCU_v.sdo in folder "I:/project-quartus/MCU1/simulation/qsim//" for EDA simulation tool
Info: Quartus II 64-Bit EDA Netlist Writer was successful. 0 errors, 0 warnings
    Info: Peak virtual memory: 4648 megabytes
    Info: Processing ended: Tue Oct 23 19:59:03 2018
    Info: Elapsed time: 00:00:02
    Info: Total CPU time (on all processors): 00:00:02


