Flow report for MCU
Tue Oct 23 19:59:03 2018
Quartus II 64-Bit Version 13.1.0 Build 162 10/23/2013 SJ Full Version


---------------------
; Table of Contents ;
---------------------
  1. Legal Notice
  2. Flow Summary
  3. Flow Settings
  4. Flow Non-Default Global Settings
  5. Flow Elapsed Time
  6. Flow OS Summary
  7. Flow Log
  8. Flow Messages
  9. Flow Suppressed Messages



----------------
; Legal Notice ;
----------------
Copyright (C) 1991-2013 Altera Corporation
Your use of Altera Corporation's design tools, logic functions 
and other software and tools, and its AMPP partner logic 
functions, and any output files from any of the foregoing 
(including device programming or simulation files), and any 
associated documentation or information are expressly subject 
to the terms and conditions of the Altera Program License 
Subscription Agreement, Altera MegaCore Function License 
Agreement, or other applicable license agreement, including, 
without limitation, that your use is for the sole purpose of 
programming logic devices manufactured by Altera and sold by 
Altera or its authorized distributors.  Please refer to the 
applicable agreement for further details.



+----------------------------------------------------------------------------------+
; Flow Summary                                                                     ;
+------------------------------------+---------------------------------------------+
; Flow Status                        ; Successful - Tue Oct 23 19:59:03 2018       ;
; Quartus II 64-Bit Version          ; 13.1.0 Build 162 10/23/2013 SJ Full Version ;
; Revision Name                      ; MCU                                         ;
; Top-level Entity Name              ; MCU                                         ;
; Family                             ; Cyclone IV GX                               ;
; Total logic elements               ; 736 / 21,280 ( 3 % )                        ;
;     Total combinational functions  ; 686 / 21,280 ( 3 % )                        ;
;     Dedicated logic registers      ; 169 / 21,280 ( < 1 % )                      ;
; Total registers                    ; 169                                         ;
; Total pins                         ; 66 / 167 ( 40 % )                           ;
; Total virtual pins                 ; 0                                           ;
; Total memory bits                  ; 7,936 / 774,144 ( 1 % )                     ;
; Embedded Multiplier 9-bit elements ; 0 / 80 ( 0 % )                              ;
; Total GXB Receiver Channel PCS     ; 0 / 4 ( 0 % )                               ;
; Total GXB Receiver Channel PMA     ; 0 / 4 ( 0 % )                               ;
; Total GXB Transmitter Channel PCS  ; 0 / 4 ( 0 % )                               ;
; Total GXB Transmitter Channel PMA  ; 0 / 4 ( 0 % )                               ;
; Total PLLs                         ; 0 / 4 ( 0 % )                               ;
; Device                             ; EP4CGX22CF19C6                              ;
; Timing Models                      ; Final                                       ;
+------------------------------------+---------------------------------------------+


+-----------------------------------------+
; Flow Settings                           ;
+-------------------+---------------------+
; Option            ; Setting             ;
+-------------------+---------------------+
; Start date & time ; 10/23/2018 19:51:23 ;
; Main task         ; Compilation         ;
; Revision Name     ; MCU                 ;
+-------------------+---------------------+


+-------------------------------------------------------------------------------------------------------------------------------+
; Flow Non-Default Global Settings                                                                                              ;
+-------------------------------------+------------------------------------------+---------------+-------------+----------------+
; Assignment Name                     ; Value                                    ; Default Value ; Entity Name ; Section Id     ;
+-------------------------------------+------------------------------------------+---------------+-------------+----------------+
; COMPILER_SIGNATURE_ID               ; 93383153116696.154029548301108           ; --            ; --          ; --             ;
; EDA_GENERATE_FUNCTIONAL_NETLIST     ; On                                       ; --            ; --          ; eda_simulation ;
; EDA_NETLIST_WRITER_OUTPUT_DIR       ; I:/project-quartus/MCU1/simulation/qsim/ ; --            ; --          ; eda_simulation ;
; EDA_OUTPUT_DATA_FORMAT              ; Verilog Hdl                              ; --            ; --          ; eda_simulation ;
; EDA_SIMULATION_TOOL                 ; ModelSim-Altera (Verilog)                ; <None>        ; --          ; --             ;
; PARTITION_COLOR                     ; 16764057                                 ; --            ; --          ; Top            ;
; PARTITION_FITTER_PRESERVATION_LEVEL ; PLACEMENT_AND_ROUTING                    ; --            ; --          ; Top            ;
; PARTITION_NETLIST_TYPE              ; SOURCE                                   ; --            ; --          ; Top            ;
; PROJECT_OUTPUT_DIRECTORY            ; output_files                             ; --            ; --          ; --             ;
+-------------------------------------+------------------------------------------+---------------+-------------+----------------+


+-------------------------------------------------------------------------------------------------------------------------------+
; Flow Elapsed Time                                                                                                             ;
+---------------------------+--------------+-------------------------+---------------------+------------------------------------+
; Module Name               ; Elapsed Time ; Average Processors Used ; Peak Virtual Memory ; Total CPU Time (on all processors) ;
+---------------------------+--------------+-------------------------+---------------------+------------------------------------+
; Analysis & Synthesis      ; 00:00:03     ; 1.0                     ; 4776 MB             ; 00:00:04                           ;
; Fitter                    ; 00:00:17     ; 1.6                     ; 5535 MB             ; 00:00:21                           ;
; Assembler                 ; 00:00:02     ; 1.0                     ; 4680 MB             ; 00:00:02                           ;
; TimeQuest Timing Analyzer ; 00:00:03     ; 1.0                     ; 4720 MB             ; 00:00:03                           ;
; EDA Netlist Writer        ; 00:00:01     ; 1.0                     ; 4626 MB             ; 00:00:01                           ;
; EDA Netlist Writer        ; 00:00:01     ; 1.0                     ; 4632 MB             ; 00:00:01                           ;
; EDA Netlist Writer        ; 00:00:01     ; 1.0                     ; 4648 MB             ; 00:00:01                           ;
; EDA Netlist Writer        ; 00:00:01     ; 1.0                     ; 4632 MB             ; 00:00:01                           ;
; EDA Netlist Writer        ; 00:00:01     ; 1.0                     ; 4648 MB             ; 00:00:01                           ;
; EDA Netlist Writer        ; 00:00:01     ; 1.0                     ; 4632 MB             ; 00:00:01                           ;
; EDA Netlist Writer        ; 00:00:02     ; 1.0                     ; 4648 MB             ; 00:00:02                           ;
; EDA Netlist Writer        ; 00:00:01     ; 1.0                     ; 4632 MB             ; 00:00:01                           ;
; EDA Netlist Writer        ; 00:00:01     ; 1.0                     ; 4648 MB             ; 00:00:01                           ;
; EDA Netlist Writer        ; 00:00:00     ; 1.0                     ; 4633 MB             ; 00:00:01                           ;
; EDA Netlist Writer        ; 00:00:02     ; 1.0                     ; 4648 MB             ; 00:00:02                           ;
; Total                     ; 00:00:37     ; --                      ; --                  ; 00:00:43                           ;
+---------------------------+--------------+-------------------------+---------------------+------------------------------------+


+----------------------------------------------------------------------------------------+
; Flow OS Summary                                                                        ;
+---------------------------+------------------+-----------+------------+----------------+
; Module Name               ; Machine Hostname ; OS Name   ; OS Version ; Processor type ;
+---------------------------+------------------+-----------+------------+----------------+
; Analysis & Synthesis      ; DESKTOP-KBFK04U  ; Windows 7 ; 6.2        ; x86_64         ;
; Fitter                    ; DESKTOP-KBFK04U  ; Windows 7 ; 6.2        ; x86_64         ;
; Assembler                 ; DESKTOP-KBFK04U  ; Windows 7 ; 6.2        ; x86_64         ;
; TimeQuest Timing Analyzer ; DESKTOP-KBFK04U  ; Windows 7 ; 6.2        ; x86_64         ;
; EDA Netlist Writer        ; DESKTOP-KBFK04U  ; Windows 7 ; 6.2        ; x86_64         ;
; EDA Netlist Writer        ; DESKTOP-KBFK04U  ; Windows 7 ; 6.2        ; x86_64         ;
; EDA Netlist Writer        ; DESKTOP-KBFK04U  ; Windows 7 ; 6.2        ; x86_64         ;
; EDA Netlist Writer        ; DESKTOP-KBFK04U  ; Windows 7 ; 6.2        ; x86_64         ;
; EDA Netlist Writer        ; DESKTOP-KBFK04U  ; Windows 7 ; 6.2        ; x86_64         ;
; EDA Netlist Writer        ; DESKTOP-KBFK04U  ; Windows 7 ; 6.2        ; x86_64         ;
; EDA Netlist Writer        ; DESKTOP-KBFK04U  ; Windows 7 ; 6.2        ; x86_64         ;
; EDA Netlist Writer        ; DESKTOP-KBFK04U  ; Windows 7 ; 6.2        ; x86_64         ;
; EDA Netlist Writer        ; DESKTOP-KBFK04U  ; Windows 7 ; 6.2        ; x86_64         ;
; EDA Netlist Writer        ; DESKTOP-KBFK04U  ; Windows 7 ; 6.2        ; x86_64         ;
; EDA Netlist Writer        ; DESKTOP-KBFK04U  ; Windows 7 ; 6.2        ; x86_64         ;
+---------------------------+------------------+-----------+------------+----------------+


------------
; Flow Log ;
------------
quartus_map --read_settings_files=on --write_settings_files=off MCU -c MCU
quartus_fit --read_settings_files=off --write_settings_files=off MCU -c MCU
quartus_asm --read_settings_files=off --write_settings_files=off MCU -c MCU
quartus_sta MCU -c MCU
quartus_eda --read_settings_files=off --write_settings_files=off MCU -c MCU
quartus_eda --gen_testbench --check_outputs=on --tool=modelsim_oem --format=verilog MCU -c MCU --vector_source=I:/project-quartus/MCU1/Waveform.vwf --testbench_file=I:/project-quartus/MCU1/simulation/qsim/Waveform.vwf.vt
quartus_eda --functional=on --flatten_buses=off --simulation=on --tool=modelsim_oem --format=verilog --output_directory=I:/project-quartus/MCU1/simulation/qsim/ MCU -c MCU
quartus_eda --gen_testbench --check_outputs=on --tool=modelsim_oem --format=verilog MCU -c MCU --vector_source=I:/project-quartus/MCU1/Waveform.vwf --testbench_file=I:/project-quartus/MCU1/simulation/qsim/Waveform.vwf.vt
quartus_eda --functional=on --flatten_buses=off --simulation=on --tool=modelsim_oem --format=verilog --output_directory=I:/project-quartus/MCU1/simulation/qsim/ MCU -c MCU
quartus_eda --gen_testbench --check_outputs=on --tool=modelsim_oem --format=verilog MCU -c MCU --vector_source=I:/project-quartus/MCU1/Waveform.vwf --testbench_file=I:/project-quartus/MCU1/simulation/qsim/Waveform.vwf.vt
quartus_eda --functional=off --flatten_buses=off --timescale=1ps --simulation=on --tool=modelsim_oem --format=verilog --output_directory=I:/project-quartus/MCU1/simulation/qsim/ MCU -c MCU
quartus_eda --gen_testbench --check_outputs=on --tool=modelsim_oem --format=verilog MCU -c MCU --vector_source=I:/project-quartus/MCU1/Waveform.vwf --testbench_file=I:/project-quartus/MCU1/simulation/qsim/Waveform.vwf.vt
quartus_eda --functional=on --flatten_buses=off --simulation=on --tool=modelsim_oem --format=verilog --output_directory=I:/project-quartus/MCU1/simulation/qsim/ MCU -c MCU
quartus_eda --gen_testbench --check_outputs=on --tool=modelsim_oem --format=verilog MCU -c MCU --vector_source=I:/project-quartus/MCU1/Waveform.vwf --testbench_file=I:/project-quartus/MCU1/simulation/qsim/Waveform.vwf.vt
quartus_eda --functional=off --flatten_buses=off --timescale=1ps --simulation=on --tool=modelsim_oem --format=verilog --output_directory=I:/project-quartus/MCU1/simulation/qsim/ MCU -c MCU



